2023-05-08 16:18:19,280 INFO    StreamThr :1580657 [internal.py:wandb_internal():86] W&B internal server running at pid: 1580657, started at: 2023-05-08 16:18:19.279935
2023-05-08 16:18:19,281 DEBUG   HandlerThread:1580657 [handler.py:handle_request():144] handle_request: status
2023-05-08 16:18:19,285 INFO    WriterThread:1580657 [datastore.py:open_for_write():85] open: /DATATWO/users/mincut/Object-Centric-VideoAnswering/wandb/run-20230508_161819-w5ep64pp/run-w5ep64pp.wandb
2023-05-08 16:18:19,286 DEBUG   SenderThread:1580657 [sender.py:send():375] send: header
2023-05-08 16:18:19,290 DEBUG   SenderThread:1580657 [sender.py:send():375] send: run
2023-05-08 16:18:22,788 INFO    SenderThread:1580657 [retry.py:__call__():172] Retry attempt failed:
Traceback (most recent call last):
  File "/home/mincut/miniconda3/envs/vidgnn/lib/python3.10/site-packages/urllib3/connectionpool.py", line 700, in urlopen
    self._prepare_proxy(conn)
  File "/home/mincut/miniconda3/envs/vidgnn/lib/python3.10/site-packages/urllib3/connectionpool.py", line 996, in _prepare_proxy
    conn.connect()
  File "/home/mincut/miniconda3/envs/vidgnn/lib/python3.10/site-packages/urllib3/connection.py", line 369, in connect
    self._tunnel()
  File "/home/mincut/miniconda3/envs/vidgnn/lib/python3.10/http/client.py", line 924, in _tunnel
    raise OSError(f"Tunnel connection failed: {code} {message.strip()}")
OSError: Tunnel connection failed: 302 Moved Temporarily

During handling of the above exception, another exception occurred:

Traceback (most recent call last):
  File "/home/mincut/miniconda3/envs/vidgnn/lib/python3.10/site-packages/requests/adapters.py", line 489, in send
    resp = conn.urlopen(
  File "/home/mincut/miniconda3/envs/vidgnn/lib/python3.10/site-packages/urllib3/connectionpool.py", line 787, in urlopen
    retries = retries.increment(
  File "/home/mincut/miniconda3/envs/vidgnn/lib/python3.10/site-packages/urllib3/util/retry.py", line 592, in increment
    raise MaxRetryError(_pool, url, error or ResponseError(cause))
urllib3.exceptions.MaxRetryError: HTTPSConnectionPool(host='api.wandb.ai', port=443): Max retries exceeded with url: /graphql (Caused by ProxyError('Cannot connect to proxy.', OSError('Tunnel connection failed: 302 Moved Temporarily')))

During handling of the above exception, another exception occurred:

Traceback (most recent call last):
  File "/home/mincut/miniconda3/envs/vidgnn/lib/python3.10/site-packages/wandb/sdk/lib/retry.py", line 131, in __call__
    result = self._call_fn(*args, **kwargs)
  File "/home/mincut/miniconda3/envs/vidgnn/lib/python3.10/site-packages/wandb/sdk/internal/internal_api.py", line 285, in execute
    return self.client.execute(*args, **kwargs)  # type: ignore
  File "/home/mincut/miniconda3/envs/vidgnn/lib/python3.10/site-packages/wandb/vendor/gql-0.2.0/wandb_gql/client.py", line 52, in execute
    result = self._get_result(document, *args, **kwargs)
  File "/home/mincut/miniconda3/envs/vidgnn/lib/python3.10/site-packages/wandb/vendor/gql-0.2.0/wandb_gql/client.py", line 60, in _get_result
    return self.transport.execute(document, *args, **kwargs)
  File "/home/mincut/miniconda3/envs/vidgnn/lib/python3.10/site-packages/wandb/sdk/lib/gql_request.py", line 55, in execute
    request = self.session.post(self.url, **post_args)
  File "/home/mincut/miniconda3/envs/vidgnn/lib/python3.10/site-packages/requests/sessions.py", line 635, in post
    return self.request("POST", url, data=data, json=json, **kwargs)
  File "/home/mincut/miniconda3/envs/vidgnn/lib/python3.10/site-packages/requests/sessions.py", line 587, in request
    resp = self.send(prep, **send_kwargs)
  File "/home/mincut/miniconda3/envs/vidgnn/lib/python3.10/site-packages/requests/sessions.py", line 701, in send
    r = adapter.send(request, **kwargs)
  File "/home/mincut/miniconda3/envs/vidgnn/lib/python3.10/site-packages/requests/adapters.py", line 559, in send
    raise ProxyError(e, request=request)
requests.exceptions.ProxyError: HTTPSConnectionPool(host='api.wandb.ai', port=443): Max retries exceeded with url: /graphql (Caused by ProxyError('Cannot connect to proxy.', OSError('Tunnel connection failed: 302 Moved Temporarily')))
2023-05-08 16:18:24,291 DEBUG   HandlerThread:1580657 [handler.py:handle_request():144] handle_request: keepalive
2023-05-08 16:18:29,292 DEBUG   HandlerThread:1580657 [handler.py:handle_request():144] handle_request: keepalive
2023-05-08 16:18:34,294 DEBUG   HandlerThread:1580657 [handler.py:handle_request():144] handle_request: keepalive
2023-05-08 16:18:39,296 DEBUG   HandlerThread:1580657 [handler.py:handle_request():144] handle_request: keepalive
2023-05-08 16:18:44,297 DEBUG   HandlerThread:1580657 [handler.py:handle_request():144] handle_request: keepalive
2023-05-08 16:18:49,299 DEBUG   HandlerThread:1580657 [handler.py:handle_request():144] handle_request: keepalive
2023-05-08 16:18:54,301 DEBUG   HandlerThread:1580657 [handler.py:handle_request():144] handle_request: keepalive
2023-05-08 16:18:54,472 INFO    SenderThread:1580657 [dir_watcher.py:__init__():219] watching files in: /DATATWO/users/mincut/Object-Centric-VideoAnswering/wandb/run-20230508_161819-w5ep64pp/files
2023-05-08 16:18:54,472 INFO    SenderThread:1580657 [sender.py:_start_run_threads():1124] run started: w5ep64pp with start time 1683562699.281627
2023-05-08 16:18:54,472 DEBUG   SenderThread:1580657 [sender.py:send_request():402] send_request: summary_record
2023-05-08 16:18:54,472 DEBUG   HandlerThread:1580657 [handler.py:handle_request():144] handle_request: status_report
2023-05-08 16:18:54,472 INFO    SenderThread:1580657 [sender.py:_save_file():1378] saving file wandb-summary.json with policy end
2023-05-08 16:18:54,476 DEBUG   HandlerThread:1580657 [handler.py:handle_request():144] handle_request: check_version
2023-05-08 16:18:54,476 DEBUG   SenderThread:1580657 [sender.py:send_request():402] send_request: check_version
2023-05-08 16:18:54,567 DEBUG   HandlerThread:1580657 [handler.py:handle_request():144] handle_request: run_start
2023-05-08 16:18:54,571 DEBUG   HandlerThread:1580657 [system_info.py:__init__():31] System info init
2023-05-08 16:18:54,571 DEBUG   HandlerThread:1580657 [system_info.py:__init__():46] System info init done
2023-05-08 16:18:54,571 INFO    HandlerThread:1580657 [system_monitor.py:start():181] Starting system monitor
2023-05-08 16:18:54,571 INFO    SystemMonitor:1580657 [system_monitor.py:_start():145] Starting system asset monitoring threads
2023-05-08 16:18:54,572 INFO    HandlerThread:1580657 [system_monitor.py:probe():201] Collecting system info
2023-05-08 16:18:54,572 INFO    SystemMonitor:1580657 [interfaces.py:start():190] Started cpu monitoring
2023-05-08 16:18:54,573 INFO    SystemMonitor:1580657 [interfaces.py:start():190] Started disk monitoring
2023-05-08 16:18:54,574 INFO    SystemMonitor:1580657 [interfaces.py:start():190] Started gpu monitoring
2023-05-08 16:18:54,574 INFO    SystemMonitor:1580657 [interfaces.py:start():190] Started memory monitoring
2023-05-08 16:18:54,575 INFO    SystemMonitor:1580657 [interfaces.py:start():190] Started network monitoring
2023-05-08 16:18:54,625 DEBUG   HandlerThread:1580657 [system_info.py:probe():195] Probing system
2023-05-08 16:18:54,627 DEBUG   HandlerThread:1580657 [system_info.py:_probe_git():180] Probing git
2023-05-08 16:18:54,633 DEBUG   HandlerThread:1580657 [system_info.py:_probe_git():188] Probing git done
2023-05-08 16:18:54,633 DEBUG   HandlerThread:1580657 [system_info.py:probe():240] Probing system done
2023-05-08 16:18:54,633 DEBUG   HandlerThread:1580657 [system_monitor.py:probe():210] {'os': 'Linux-5.4.0-81-generic-x86_64-with-glibc2.31', 'python': '3.10.9', 'heartbeatAt': '2023-05-08T16:18:54.625743', 'startedAt': '2023-05-08T16:18:19.250832', 'docker': None, 'cuda': None, 'args': (), 'state': 'running', 'program': '/DATATWO/users/mincut/Object-Centric-VideoAnswering/train_decoder.py', 'codePath': 'train_decoder.py', 'git': {'remote': 'https://github.com/rishi1001/Object-Centric-VideoAnswering.git', 'commit': 'b78efa7f47e903ecde147d2a5183769d110e8b70'}, 'email': 'rishi.shah10122001@gmail.com', 'root': '/DATATWO/users/mincut/Object-Centric-VideoAnswering', 'host': 'hulk', 'username': 'mincut', 'executable': '/home/mincut/miniconda3/envs/vidgnn/bin/python', 'cpu_count': 48, 'cpu_count_logical': 96, 'cpu_freq': {'current': 3.31859375, 'min': 1200.0, 'max': 4000.0}, 'cpu_freq_per_core': [{'current': 3.514, 'min': 1200.0, 'max': 4000.0}, {'current': 3.599, 'min': 1200.0, 'max': 4000.0}, {'current': 3.599, 'min': 1200.0, 'max': 4000.0}, {'current': 1.2, 'min': 1200.0, 'max': 4000.0}, {'current': 3.6, 'min': 1200.0, 'max': 4000.0}, {'current': 1.445, 'min': 1200.0, 'max': 4000.0}, {'current': 3.604, 'min': 1200.0, 'max': 4000.0}, {'current': 2.999, 'min': 1200.0, 'max': 4000.0}, {'current': 3.6, 'min': 1200.0, 'max': 4000.0}, {'current': 3.6, 'min': 1200.0, 'max': 4000.0}, {'current': 3.256, 'min': 1200.0, 'max': 4000.0}, {'current': 3.6, 'min': 1200.0, 'max': 4000.0}, {'current': 2.999, 'min': 1200.0, 'max': 4000.0}, {'current': 3.599, 'min': 1200.0, 'max': 4000.0}, {'current': 3.599, 'min': 1200.0, 'max': 4000.0}, {'current': 3.6, 'min': 1200.0, 'max': 4000.0}, {'current': 3.6, 'min': 1200.0, 'max': 4000.0}, {'current': 3.599, 'min': 1200.0, 'max': 4000.0}, {'current': 1.619, 'min': 1200.0, 'max': 4000.0}, {'current': 3.599, 'min': 1200.0, 'max': 4000.0}, {'current': 3.599, 'min': 1200.0, 'max': 4000.0}, {'current': 3.601, 'min': 1200.0, 'max': 4000.0}, {'current': 3.599, 'min': 1200.0, 'max': 4000.0}, {'current': 3.6, 'min': 1200.0, 'max': 4000.0}, {'current': 1.308, 'min': 1200.0, 'max': 4000.0}, {'current': 3.571, 'min': 1200.0, 'max': 4000.0}, {'current': 3.6, 'min': 1200.0, 'max': 4000.0}, {'current': 3.599, 'min': 1200.0, 'max': 4000.0}, {'current': 3.247, 'min': 1200.0, 'max': 4000.0}, {'current': 1.248, 'min': 1200.0, 'max': 4000.0}, {'current': 3.6, 'min': 1200.0, 'max': 4000.0}, {'current': 3.6, 'min': 1200.0, 'max': 4000.0}, {'current': 2.999, 'min': 1200.0, 'max': 4000.0}, {'current': 3.6, 'min': 1200.0, 'max': 4000.0}, {'current': 3.601, 'min': 1200.0, 'max': 4000.0}, {'current': 3.6, 'min': 1200.0, 'max': 4000.0}, {'current': 3.599, 'min': 1200.0, 'max': 4000.0}, {'current': 3.6, 'min': 1200.0, 'max': 4000.0}, {'current': 3.6, 'min': 1200.0, 'max': 4000.0}, {'current': 3.599, 'min': 1200.0, 'max': 4000.0}, {'current': 3.599, 'min': 1200.0, 'max': 4000.0}, {'current': 3.6, 'min': 1200.0, 'max': 4000.0}, {'current': 3.601, 'min': 1200.0, 'max': 4000.0}, {'current': 3.6, 'min': 1200.0, 'max': 4000.0}, {'current': 3.599, 'min': 1200.0, 'max': 4000.0}, {'current': 3.599, 'min': 1200.0, 'max': 4000.0}, {'current': 2.999, 'min': 1200.0, 'max': 4000.0}, {'current': 3.595, 'min': 1200.0, 'max': 4000.0}, {'current': 3.544, 'min': 1200.0, 'max': 4000.0}, {'current': 3.6, 'min': 1200.0, 'max': 4000.0}, {'current': 3.601, 'min': 1200.0, 'max': 4000.0}, {'current': 1.201, 'min': 1200.0, 'max': 4000.0}, {'current': 3.6, 'min': 1200.0, 'max': 4000.0}, {'current': 1.385, 'min': 1200.0, 'max': 4000.0}, {'current': 3.6, 'min': 1200.0, 'max': 4000.0}, {'current': 3.0, 'min': 1200.0, 'max': 4000.0}, {'current': 3.596, 'min': 1200.0, 'max': 4000.0}, {'current': 3.6, 'min': 1200.0, 'max': 4000.0}, {'current': 3.194, 'min': 1200.0, 'max': 4000.0}, {'current': 3.599, 'min': 1200.0, 'max': 4000.0}, {'current': 3.0, 'min': 1200.0, 'max': 4000.0}, {'current': 3.599, 'min': 1200.0, 'max': 4000.0}, {'current': 3.601, 'min': 1200.0, 'max': 4000.0}, {'current': 3.6, 'min': 1200.0, 'max': 4000.0}, {'current': 3.599, 'min': 1200.0, 'max': 4000.0}, {'current': 3.599, 'min': 1200.0, 'max': 4000.0}, {'current': 1.825, 'min': 1200.0, 'max': 4000.0}, {'current': 3.598, 'min': 1200.0, 'max': 4000.0}, {'current': 3.599, 'min': 1200.0, 'max': 4000.0}, {'current': 3.599, 'min': 1200.0, 'max': 4000.0}, {'current': 3.599, 'min': 1200.0, 'max': 4000.0}, {'current': 3.6, 'min': 1200.0, 'max': 4000.0}, {'current': 1.333, 'min': 1200.0, 'max': 4000.0}, {'current': 3.599, 'min': 1200.0, 'max': 4000.0}, {'current': 3.599, 'min': 1200.0, 'max': 4000.0}, {'current': 3.599, 'min': 1200.0, 'max': 4000.0}, {'current': 3.567, 'min': 1200.0, 'max': 4000.0}, {'current': 1.209, 'min': 1200.0, 'max': 4000.0}, {'current': 3.6, 'min': 1200.0, 'max': 4000.0}, {'current': 3.599, 'min': 1200.0, 'max': 4000.0}, {'current': 3.0, 'min': 1200.0, 'max': 4000.0}, {'current': 3.599, 'min': 1200.0, 'max': 4000.0}, {'current': 3.599, 'min': 1200.0, 'max': 4000.0}, {'current': 3.599, 'min': 1200.0, 'max': 4000.0}, {'current': 3.599, 'min': 1200.0, 'max': 4000.0}, {'current': 3.599, 'min': 1200.0, 'max': 4000.0}, {'current': 3.605, 'min': 1200.0, 'max': 4000.0}, {'current': 3.6, 'min': 1200.0, 'max': 4000.0}, {'current': 3.599, 'min': 1200.0, 'max': 4000.0}, {'current': 3.6, 'min': 1200.0, 'max': 4000.0}, {'current': 3.6, 'min': 1200.0, 'max': 4000.0}, {'current': 3.6, 'min': 1200.0, 'max': 4000.0}, {'current': 3.6, 'min': 1200.0, 'max': 4000.0}, {'current': 3.602, 'min': 1200.0, 'max': 4000.0}, {'current': 2.999, 'min': 1200.0, 'max': 4000.0}, {'current': 3.6, 'min': 1200.0, 'max': 4000.0}], 'disk': {'total': 225.02332305908203, 'used': 29.117816925048828}, 'gpu': 'A100-PCIE-40GB', 'gpu_count': 4, 'gpu_devices': [{'name': 'A100-PCIE-40GB', 'memory_total': 42505273344}, {'name': 'A100-PCIE-40GB', 'memory_total': 42505273344}, {'name': 'A100-PCIE-40GB', 'memory_total': 42505273344}, {'name': 'A100-PCIE-40GB', 'memory_total': 42505273344}], 'memory': {'total': 503.54884338378906}}
2023-05-08 16:18:54,633 INFO    HandlerThread:1580657 [system_monitor.py:probe():211] Finished collecting system info
2023-05-08 16:18:54,633 INFO    HandlerThread:1580657 [system_monitor.py:probe():214] Publishing system info
2023-05-08 16:18:54,633 DEBUG   HandlerThread:1580657 [system_info.py:_save_pip():51] Saving list of pip packages installed into the current environment
2023-05-08 16:18:54,634 DEBUG   HandlerThread:1580657 [system_info.py:_save_pip():67] Saving pip packages done
2023-05-08 16:18:54,634 DEBUG   HandlerThread:1580657 [system_info.py:_save_conda():74] Saving list of conda packages installed into the current environment
2023-05-08 16:18:55,474 INFO    Thread-12 :1580657 [dir_watcher.py:_on_file_created():278] file/dir created: /DATATWO/users/mincut/Object-Centric-VideoAnswering/wandb/run-20230508_161819-w5ep64pp/files/requirements.txt
2023-05-08 16:18:55,474 INFO    Thread-12 :1580657 [dir_watcher.py:_on_file_created():278] file/dir created: /DATATWO/users/mincut/Object-Centric-VideoAnswering/wandb/run-20230508_161819-w5ep64pp/files/wandb-summary.json
2023-05-08 16:18:55,474 INFO    Thread-12 :1580657 [dir_watcher.py:_on_file_created():278] file/dir created: /DATATWO/users/mincut/Object-Centric-VideoAnswering/wandb/run-20230508_161819-w5ep64pp/files/conda-environment.yaml
2023-05-08 16:18:58,434 DEBUG   HandlerThread:1580657 [system_info.py:_save_conda():86] Saving conda packages done
2023-05-08 16:18:58,435 INFO    HandlerThread:1580657 [system_monitor.py:probe():216] Finished publishing system info
2023-05-08 16:18:58,438 DEBUG   SenderThread:1580657 [sender.py:send():375] send: files
2023-05-08 16:18:58,438 INFO    SenderThread:1580657 [sender.py:_save_file():1378] saving file wandb-metadata.json with policy now
2023-05-08 16:18:58,450 DEBUG   HandlerThread:1580657 [handler.py:handle_request():144] handle_request: stop_status
2023-05-08 16:18:58,451 DEBUG   SenderThread:1580657 [sender.py:send_request():402] send_request: stop_status
2023-05-08 16:18:58,473 INFO    Thread-12 :1580657 [dir_watcher.py:_on_file_modified():295] file/dir modified: /DATATWO/users/mincut/Object-Centric-VideoAnswering/wandb/run-20230508_161819-w5ep64pp/files/conda-environment.yaml
2023-05-08 16:18:58,473 INFO    Thread-12 :1580657 [dir_watcher.py:_on_file_created():278] file/dir created: /DATATWO/users/mincut/Object-Centric-VideoAnswering/wandb/run-20230508_161819-w5ep64pp/files/wandb-metadata.json
2023-05-08 16:18:58,861 DEBUG   SenderThread:1580657 [sender.py:send():375] send: telemetry
2023-05-08 16:18:58,862 DEBUG   SenderThread:1580657 [sender.py:send():375] send: exit
2023-05-08 16:18:58,863 INFO    SenderThread:1580657 [sender.py:send_exit():598] handling exit code: 1
2023-05-08 16:18:58,863 INFO    SenderThread:1580657 [sender.py:send_exit():600] handling runtime: 3
2023-05-08 16:18:58,865 INFO    SenderThread:1580657 [sender.py:_save_file():1378] saving file wandb-summary.json with policy end
2023-05-08 16:18:58,865 INFO    SenderThread:1580657 [sender.py:send_exit():606] send defer
2023-05-08 16:18:58,865 DEBUG   HandlerThread:1580657 [handler.py:handle_request():144] handle_request: defer
2023-05-08 16:18:58,865 INFO    HandlerThread:1580657 [handler.py:handle_request_defer():170] handle defer: 0
2023-05-08 16:18:58,866 DEBUG   SenderThread:1580657 [sender.py:send_request():402] send_request: defer
2023-05-08 16:18:58,866 INFO    SenderThread:1580657 [sender.py:send_request_defer():622] handle sender defer: 0
2023-05-08 16:18:58,866 INFO    SenderThread:1580657 [sender.py:transition_state():626] send defer: 1
2023-05-08 16:18:58,866 DEBUG   HandlerThread:1580657 [handler.py:handle_request():144] handle_request: defer
2023-05-08 16:18:58,866 INFO    HandlerThread:1580657 [handler.py:handle_request_defer():170] handle defer: 1
2023-05-08 16:18:58,866 DEBUG   SenderThread:1580657 [sender.py:send_request():402] send_request: defer
2023-05-08 16:18:58,866 INFO    SenderThread:1580657 [sender.py:send_request_defer():622] handle sender defer: 1
2023-05-08 16:18:58,866 INFO    SenderThread:1580657 [sender.py:transition_state():626] send defer: 2
2023-05-08 16:18:58,866 DEBUG   HandlerThread:1580657 [handler.py:handle_request():144] handle_request: defer
2023-05-08 16:18:58,867 INFO    HandlerThread:1580657 [handler.py:handle_request_defer():170] handle defer: 2
2023-05-08 16:18:58,867 INFO    HandlerThread:1580657 [system_monitor.py:finish():190] Stopping system monitor
2023-05-08 16:18:58,867 DEBUG   SystemMonitor:1580657 [system_monitor.py:_start():159] Starting system metrics aggregation loop
2023-05-08 16:18:58,867 INFO    HandlerThread:1580657 [interfaces.py:finish():202] Joined cpu monitor
2023-05-08 16:18:58,867 DEBUG   SystemMonitor:1580657 [system_monitor.py:_start():166] Finished system metrics aggregation loop
2023-05-08 16:18:58,868 INFO    HandlerThread:1580657 [interfaces.py:finish():202] Joined disk monitor
2023-05-08 16:18:58,868 DEBUG   SystemMonitor:1580657 [system_monitor.py:_start():170] Publishing last batch of metrics
2023-05-08 16:18:59,351 INFO    wandb-upload_0:1580657 [upload_job.py:push():137] Uploaded file /tmp/tmpcnjbvittwandb/56ax1ez8-wandb-metadata.json
2023-05-08 16:18:59,474 INFO    Thread-12 :1580657 [dir_watcher.py:_on_file_modified():295] file/dir modified: /DATATWO/users/mincut/Object-Centric-VideoAnswering/wandb/run-20230508_161819-w5ep64pp/files/wandb-summary.json
2023-05-08 16:18:59,474 INFO    Thread-12 :1580657 [dir_watcher.py:_on_file_created():278] file/dir created: /DATATWO/users/mincut/Object-Centric-VideoAnswering/wandb/run-20230508_161819-w5ep64pp/files/output.log
2023-05-08 16:19:00,023 INFO    HandlerThread:1580657 [interfaces.py:finish():202] Joined gpu monitor
2023-05-08 16:19:00,024 INFO    HandlerThread:1580657 [interfaces.py:finish():202] Joined memory monitor
2023-05-08 16:19:00,024 INFO    HandlerThread:1580657 [interfaces.py:finish():202] Joined network monitor
2023-05-08 16:19:00,024 DEBUG   HandlerThread:1580657 [handler.py:handle_request():144] handle_request: poll_exit
2023-05-08 16:19:00,025 DEBUG   HandlerThread:1580657 [handler.py:handle_request():144] handle_request: status_report
2023-05-08 16:19:00,026 DEBUG   SenderThread:1580657 [sender.py:send_request():402] send_request: defer
2023-05-08 16:19:00,026 INFO    SenderThread:1580657 [sender.py:send_request_defer():622] handle sender defer: 2
2023-05-08 16:19:00,026 INFO    SenderThread:1580657 [sender.py:transition_state():626] send defer: 3
2023-05-08 16:19:00,027 DEBUG   SenderThread:1580657 [sender.py:send():375] send: stats
2023-05-08 16:19:00,027 DEBUG   HandlerThread:1580657 [handler.py:handle_request():144] handle_request: defer
2023-05-08 16:19:00,028 DEBUG   SenderThread:1580657 [sender.py:send_request():402] send_request: poll_exit
2023-05-08 16:19:00,028 INFO    HandlerThread:1580657 [handler.py:handle_request_defer():170] handle defer: 3
2023-05-08 16:19:00,030 DEBUG   SenderThread:1580657 [sender.py:send_request():402] send_request: defer
2023-05-08 16:19:00,030 INFO    SenderThread:1580657 [sender.py:send_request_defer():622] handle sender defer: 3
2023-05-08 16:19:00,030 INFO    SenderThread:1580657 [sender.py:transition_state():626] send defer: 4
2023-05-08 16:19:00,030 DEBUG   HandlerThread:1580657 [handler.py:handle_request():144] handle_request: defer
2023-05-08 16:19:00,030 INFO    HandlerThread:1580657 [handler.py:handle_request_defer():170] handle defer: 4
2023-05-08 16:19:00,031 DEBUG   SenderThread:1580657 [sender.py:send_request():402] send_request: defer
2023-05-08 16:19:00,031 INFO    SenderThread:1580657 [sender.py:send_request_defer():622] handle sender defer: 4
2023-05-08 16:19:00,031 INFO    SenderThread:1580657 [sender.py:transition_state():626] send defer: 5
2023-05-08 16:19:00,031 DEBUG   HandlerThread:1580657 [handler.py:handle_request():144] handle_request: defer
2023-05-08 16:19:00,031 INFO    HandlerThread:1580657 [handler.py:handle_request_defer():170] handle defer: 5
2023-05-08 16:19:00,032 DEBUG   SenderThread:1580657 [sender.py:send():375] send: summary
2023-05-08 16:19:00,032 INFO    SenderThread:1580657 [sender.py:_save_file():1378] saving file wandb-summary.json with policy end
2023-05-08 16:19:00,033 DEBUG   SenderThread:1580657 [sender.py:send_request():402] send_request: defer
2023-05-08 16:19:00,033 INFO    SenderThread:1580657 [sender.py:send_request_defer():622] handle sender defer: 5
2023-05-08 16:19:00,033 INFO    SenderThread:1580657 [sender.py:transition_state():626] send defer: 6
2023-05-08 16:19:00,033 DEBUG   HandlerThread:1580657 [handler.py:handle_request():144] handle_request: defer
2023-05-08 16:19:00,033 INFO    HandlerThread:1580657 [handler.py:handle_request_defer():170] handle defer: 6
2023-05-08 16:19:00,034 DEBUG   SenderThread:1580657 [sender.py:send_request():402] send_request: defer
2023-05-08 16:19:00,034 INFO    SenderThread:1580657 [sender.py:send_request_defer():622] handle sender defer: 6
2023-05-08 16:19:00,039 DEBUG   HandlerThread:1580657 [handler.py:handle_request():144] handle_request: status_report
2023-05-08 16:19:00,424 INFO    SenderThread:1580657 [sender.py:transition_state():626] send defer: 7
2023-05-08 16:19:00,425 DEBUG   HandlerThread:1580657 [handler.py:handle_request():144] handle_request: defer
2023-05-08 16:19:00,425 INFO    HandlerThread:1580657 [handler.py:handle_request_defer():170] handle defer: 7
2023-05-08 16:19:00,425 DEBUG   SenderThread:1580657 [sender.py:send_request():402] send_request: defer
2023-05-08 16:19:00,425 INFO    SenderThread:1580657 [sender.py:send_request_defer():622] handle sender defer: 7
2023-05-08 16:19:00,457 DEBUG   HandlerThread:1580657 [handler.py:handle_request():144] handle_request: poll_exit
2023-05-08 16:19:00,474 INFO    Thread-12 :1580657 [dir_watcher.py:_on_file_modified():295] file/dir modified: /DATATWO/users/mincut/Object-Centric-VideoAnswering/wandb/run-20230508_161819-w5ep64pp/files/wandb-summary.json
2023-05-08 16:19:00,475 INFO    Thread-12 :1580657 [dir_watcher.py:_on_file_modified():295] file/dir modified: /DATATWO/users/mincut/Object-Centric-VideoAnswering/wandb/run-20230508_161819-w5ep64pp/files/config.yaml
2023-05-08 16:19:00,870 INFO    SenderThread:1580657 [sender.py:transition_state():626] send defer: 8
2023-05-08 16:19:00,871 DEBUG   SenderThread:1580657 [sender.py:send_request():402] send_request: poll_exit
2023-05-08 16:19:00,871 DEBUG   HandlerThread:1580657 [handler.py:handle_request():144] handle_request: defer
2023-05-08 16:19:00,871 INFO    HandlerThread:1580657 [handler.py:handle_request_defer():170] handle defer: 8
2023-05-08 16:19:00,872 DEBUG   SenderThread:1580657 [sender.py:send_request():402] send_request: defer
2023-05-08 16:19:00,872 INFO    SenderThread:1580657 [sender.py:send_request_defer():622] handle sender defer: 8
2023-05-08 16:19:00,876 INFO    SenderThread:1580657 [sender.py:transition_state():626] send defer: 9
2023-05-08 16:19:00,876 DEBUG   HandlerThread:1580657 [handler.py:handle_request():144] handle_request: defer
2023-05-08 16:19:00,877 DEBUG   SenderThread:1580657 [sender.py:send():375] send: artifact
2023-05-08 16:19:00,877 INFO    HandlerThread:1580657 [handler.py:handle_request_defer():170] handle defer: 9
2023-05-08 16:19:01,458 DEBUG   HandlerThread:1580657 [handler.py:handle_request():144] handle_request: poll_exit
2023-05-08 16:19:01,475 INFO    Thread-12 :1580657 [dir_watcher.py:_on_file_modified():295] file/dir modified: /DATATWO/users/mincut/Object-Centric-VideoAnswering/wandb/run-20230508_161819-w5ep64pp/files/output.log
2023-05-08 16:19:03,174 INFO    wandb-upload_1:1580657 [upload_job.py:push():95] Uploaded file /home/mincut/.local/share/wandb/artifacts/staging/tmpizgmwvfw
2023-05-08 16:19:03,219 INFO    wandb-upload_0:1580657 [upload_job.py:push():95] Uploaded file /home/mincut/.local/share/wandb/artifacts/staging/tmp4s72p6lj
2023-05-08 16:19:05,225 INFO    SenderThread:1580657 [sender.py:send_artifact():1474] sent artifact job-https___github.com_rishi1001_Object-Centric-VideoAnswering.git_train_decoder.py - {'id': 'QXJ0aWZhY3Q6NDQ2ODMyNzc3', 'digest': 'c0c6dd14545e77a59547c99b77504491', 'state': 'PENDING', 'aliases': [], 'artifactSequence': {'id': 'QXJ0aWZhY3RDb2xsZWN0aW9uOjY3NjAzNzYy', 'latestArtifact': None}, 'version': 'latest'}
2023-05-08 16:19:05,225 DEBUG   SenderThread:1580657 [sender.py:send_request():402] send_request: defer
2023-05-08 16:19:05,225 DEBUG   HandlerThread:1580657 [handler.py:handle_request():144] handle_request: status_report
2023-05-08 16:19:05,225 INFO    SenderThread:1580657 [sender.py:send_request_defer():622] handle sender defer: 9
2023-05-08 16:19:05,226 INFO    SenderThread:1580657 [dir_watcher.py:finish():365] shutting down directory watcher
2023-05-08 16:19:05,477 INFO    SenderThread:1580657 [dir_watcher.py:finish():395] scan: /DATATWO/users/mincut/Object-Centric-VideoAnswering/wandb/run-20230508_161819-w5ep64pp/files
2023-05-08 16:19:05,477 INFO    SenderThread:1580657 [dir_watcher.py:finish():409] scan save: /DATATWO/users/mincut/Object-Centric-VideoAnswering/wandb/run-20230508_161819-w5ep64pp/files/config.yaml config.yaml
2023-05-08 16:19:05,477 INFO    SenderThread:1580657 [dir_watcher.py:finish():409] scan save: /DATATWO/users/mincut/Object-Centric-VideoAnswering/wandb/run-20230508_161819-w5ep64pp/files/output.log output.log
2023-05-08 16:19:05,478 INFO    SenderThread:1580657 [dir_watcher.py:finish():409] scan save: /DATATWO/users/mincut/Object-Centric-VideoAnswering/wandb/run-20230508_161819-w5ep64pp/files/requirements.txt requirements.txt
2023-05-08 16:19:05,487 INFO    SenderThread:1580657 [dir_watcher.py:finish():409] scan save: /DATATWO/users/mincut/Object-Centric-VideoAnswering/wandb/run-20230508_161819-w5ep64pp/files/wandb-metadata.json wandb-metadata.json
2023-05-08 16:19:05,487 INFO    SenderThread:1580657 [dir_watcher.py:finish():409] scan save: /DATATWO/users/mincut/Object-Centric-VideoAnswering/wandb/run-20230508_161819-w5ep64pp/files/conda-environment.yaml conda-environment.yaml
2023-05-08 16:19:05,487 INFO    SenderThread:1580657 [dir_watcher.py:finish():409] scan save: /DATATWO/users/mincut/Object-Centric-VideoAnswering/wandb/run-20230508_161819-w5ep64pp/files/wandb-summary.json wandb-summary.json
2023-05-08 16:19:05,492 INFO    SenderThread:1580657 [sender.py:transition_state():626] send defer: 10
2023-05-08 16:19:05,496 DEBUG   SenderThread:1580657 [sender.py:send_request():402] send_request: poll_exit
2023-05-08 16:19:05,497 DEBUG   HandlerThread:1580657 [handler.py:handle_request():144] handle_request: defer
2023-05-08 16:19:05,502 INFO    HandlerThread:1580657 [handler.py:handle_request_defer():170] handle defer: 10
2023-05-08 16:19:05,503 DEBUG   SenderThread:1580657 [sender.py:send_request():402] send_request: defer
2023-05-08 16:19:05,503 INFO    SenderThread:1580657 [sender.py:send_request_defer():622] handle sender defer: 10
2023-05-08 16:19:05,503 INFO    SenderThread:1580657 [file_pusher.py:finish():168] shutting down file pusher
2023-05-08 16:19:06,353 INFO    wandb-upload_3:1580657 [upload_job.py:push():137] Uploaded file /DATATWO/users/mincut/Object-Centric-VideoAnswering/wandb/run-20230508_161819-w5ep64pp/files/conda-environment.yaml
2023-05-08 16:19:06,353 INFO    wandb-upload_0:1580657 [upload_job.py:push():137] Uploaded file /DATATWO/users/mincut/Object-Centric-VideoAnswering/wandb/run-20230508_161819-w5ep64pp/files/output.log
2023-05-08 16:19:06,416 INFO    wandb-upload_1:1580657 [upload_job.py:push():137] Uploaded file /DATATWO/users/mincut/Object-Centric-VideoAnswering/wandb/run-20230508_161819-w5ep64pp/files/config.yaml
2023-05-08 16:19:06,418 INFO    wandb-upload_2:1580657 [upload_job.py:push():137] Uploaded file /DATATWO/users/mincut/Object-Centric-VideoAnswering/wandb/run-20230508_161819-w5ep64pp/files/requirements.txt
2023-05-08 16:19:06,439 INFO    wandb-upload_4:1580657 [upload_job.py:push():137] Uploaded file /DATATWO/users/mincut/Object-Centric-VideoAnswering/wandb/run-20230508_161819-w5ep64pp/files/wandb-summary.json
2023-05-08 16:19:06,461 DEBUG   HandlerThread:1580657 [handler.py:handle_request():144] handle_request: keepalive
2023-05-08 16:19:06,640 INFO    Thread-11 (_thread_body):1580657 [sender.py:transition_state():626] send defer: 11
2023-05-08 16:19:06,640 DEBUG   HandlerThread:1580657 [handler.py:handle_request():144] handle_request: defer
2023-05-08 16:19:06,641 INFO    HandlerThread:1580657 [handler.py:handle_request_defer():170] handle defer: 11
2023-05-08 16:19:06,641 DEBUG   SenderThread:1580657 [sender.py:send_request():402] send_request: defer
2023-05-08 16:19:06,641 INFO    SenderThread:1580657 [sender.py:send_request_defer():622] handle sender defer: 11
2023-05-08 16:19:06,641 INFO    SenderThread:1580657 [file_pusher.py:join():173] waiting for file pusher
2023-05-08 16:19:06,641 INFO    SenderThread:1580657 [sender.py:transition_state():626] send defer: 12
2023-05-08 16:19:06,642 DEBUG   HandlerThread:1580657 [handler.py:handle_request():144] handle_request: defer
2023-05-08 16:19:06,642 INFO    HandlerThread:1580657 [handler.py:handle_request_defer():170] handle defer: 12
2023-05-08 16:19:06,642 DEBUG   SenderThread:1580657 [sender.py:send_request():402] send_request: defer
2023-05-08 16:19:06,642 INFO    SenderThread:1580657 [sender.py:send_request_defer():622] handle sender defer: 12
2023-05-08 16:19:06,965 INFO    SenderThread:1580657 [sender.py:transition_state():626] send defer: 13
2023-05-08 16:19:06,966 DEBUG   HandlerThread:1580657 [handler.py:handle_request():144] handle_request: defer
2023-05-08 16:19:06,966 INFO    HandlerThread:1580657 [handler.py:handle_request_defer():170] handle defer: 13
2023-05-08 16:19:06,967 DEBUG   SenderThread:1580657 [sender.py:send_request():402] send_request: defer
2023-05-08 16:19:06,967 INFO    SenderThread:1580657 [sender.py:send_request_defer():622] handle sender defer: 13
2023-05-08 16:19:06,967 INFO    SenderThread:1580657 [sender.py:transition_state():626] send defer: 14
2023-05-08 16:19:06,967 DEBUG   HandlerThread:1580657 [handler.py:handle_request():144] handle_request: defer
2023-05-08 16:19:06,967 DEBUG   SenderThread:1580657 [sender.py:send():375] send: final
2023-05-08 16:19:06,968 INFO    HandlerThread:1580657 [handler.py:handle_request_defer():170] handle defer: 14
2023-05-08 16:19:06,968 DEBUG   SenderThread:1580657 [sender.py:send():375] send: footer
2023-05-08 16:19:06,968 DEBUG   SenderThread:1580657 [sender.py:send_request():402] send_request: defer
2023-05-08 16:19:06,968 INFO    SenderThread:1580657 [sender.py:send_request_defer():622] handle sender defer: 14
2023-05-08 16:19:06,969 DEBUG   HandlerThread:1580657 [handler.py:handle_request():144] handle_request: poll_exit
2023-05-08 16:19:06,970 DEBUG   SenderThread:1580657 [sender.py:send_request():402] send_request: poll_exit
2023-05-08 16:19:06,970 DEBUG   HandlerThread:1580657 [handler.py:handle_request():144] handle_request: server_info
2023-05-08 16:19:06,971 DEBUG   SenderThread:1580657 [sender.py:send_request():402] send_request: server_info
2023-05-08 16:19:06,975 DEBUG   HandlerThread:1580657 [handler.py:handle_request():144] handle_request: get_summary
2023-05-08 16:19:06,975 DEBUG   HandlerThread:1580657 [handler.py:handle_request():144] handle_request: sampled_history
2023-05-08 16:19:07,291 INFO    MainThread:1580657 [wandb_run.py:_footer_history_summary_info():3476] rendering history
2023-05-08 16:19:07,292 INFO    MainThread:1580657 [wandb_run.py:_footer_history_summary_info():3508] rendering summary
2023-05-08 16:19:07,292 INFO    MainThread:1580657 [wandb_run.py:_footer_sync_info():3434] logging synced files
2023-05-08 16:19:07,293 DEBUG   HandlerThread:1580657 [handler.py:handle_request():144] handle_request: shutdown
2023-05-08 16:19:07,293 INFO    HandlerThread:1580657 [handler.py:finish():845] shutting down handler
2023-05-08 16:19:07,971 INFO    WriterThread:1580657 [datastore.py:close():298] close: /DATATWO/users/mincut/Object-Centric-VideoAnswering/wandb/run-20230508_161819-w5ep64pp/run-w5ep64pp.wandb
2023-05-08 16:19:08,291 INFO    SenderThread:1580657 [sender.py:finish():1550] shutting down sender
2023-05-08 16:19:08,291 INFO    SenderThread:1580657 [file_pusher.py:finish():168] shutting down file pusher
2023-05-08 16:19:08,291 INFO    SenderThread:1580657 [file_pusher.py:join():173] waiting for file pusher
